Using pre-set license
Built from '2021.3/staging' branch; Version is '2021.3.11f1 (0a5ca18544bf) revision 679073'; Using compiler version '192829333'; Build Type 'Release'
OS: 'Windows 11  (10.0.22000) 64bit Core' Language: 'en' Physical Memory: 7914 MB
BatchMode: 1, IsHumanControllingUs: 0, StartBugReporterOnCrash: 0, Is64bit: 1, IsPro: 1

COMMAND LINE ARGUMENTS:
C:\Program Files\Unity\Hub\Editor\2021.3.11f1\Editor\Unity.exe
-adb2
-batchMode
-noUpm
-name
AssetImportWorker0
-projectPath
C:/Users/cieck/OneDrive/Documents/GitHub/TSAEscapeRoom/Escape Room
-logFile
Logs/AssetImportWorker0.log
-srvPort
59154
Successfully changed project path to: C:/Users/cieck/OneDrive/Documents/GitHub/TSAEscapeRoom/Escape Room
C:/Users/cieck/OneDrive/Documents/GitHub/TSAEscapeRoom/Escape Room
[UnityMemory] Configuration Parameters - Can be set up in boot.config
    "memorysetup-bucket-allocator-granularity=16"
    "memorysetup-bucket-allocator-bucket-count=8"
    "memorysetup-bucket-allocator-block-size=33554432"
    "memorysetup-bucket-allocator-block-count=8"
    "memorysetup-main-allocator-block-size=16777216"
    "memorysetup-thread-allocator-block-size=16777216"
    "memorysetup-gfx-main-allocator-block-size=16777216"
    "memorysetup-gfx-thread-allocator-block-size=16777216"
    "memorysetup-cache-allocator-block-size=4194304"
    "memorysetup-typetree-allocator-block-size=2097152"
    "memorysetup-profiler-bucket-allocator-granularity=16"
    "memorysetup-profiler-bucket-allocator-bucket-count=8"
    "memorysetup-profiler-bucket-allocator-block-size=33554432"
    "memorysetup-profiler-bucket-allocator-block-count=8"
    "memorysetup-profiler-allocator-block-size=16777216"
    "memorysetup-profiler-editor-allocator-block-size=1048576"
    "memorysetup-temp-allocator-size-main=16777216"
    "memorysetup-job-temp-allocator-block-size=2097152"
    "memorysetup-job-temp-allocator-block-size-background=1048576"
    "memorysetup-job-temp-allocator-reduction-small-platforms=262144"
    "memorysetup-temp-allocator-size-background-worker=32768"
    "memorysetup-temp-allocator-size-job-worker=262144"
    "memorysetup-temp-allocator-size-preload-manager=33554432"
    "memorysetup-temp-allocator-size-nav-mesh-worker=65536"
    "memorysetup-temp-allocator-size-audio-worker=65536"
    "memorysetup-temp-allocator-size-cloud-worker=32768"
    "memorysetup-temp-allocator-size-gi-baking-worker=262144"
    "memorysetup-temp-allocator-size-gfx=262144"
Refreshing native plugins compatible for Editor in 177.42 ms, found 3 plugins.
Preloading 0 native plugins for Editor in 0.00 ms.
Initialize engine version: 2021.3.11f1 (0a5ca18544bf)
[Subsystems] Discovering subsystems at path C:/Program Files/Unity/Hub/Editor/2021.3.11f1/Editor/Data/Resources/UnitySubsystems
[Subsystems] Discovering subsystems at path C:/Users/cieck/OneDrive/Documents/GitHub/TSAEscapeRoom/Escape Room/Assets
GfxDevice: creating device client; threaded=0; jobified=0
Direct3D:
    Version:  Direct3D 11.0 [level 11.1]
    Renderer: Intel(R) UHD Graphics (ID=0x9a78)
    Vendor:   Intel
    VRAM:     3957 MB
    Driver:   31.0.101.3616
Initialize mono
Mono path[0] = 'C:/Program Files/Unity/Hub/Editor/2021.3.11f1/Editor/Data/Managed'
Mono path[1] = 'C:/Program Files/Unity/Hub/Editor/2021.3.11f1/Editor/Data/MonoBleedingEdge/lib/mono/unityjit-win32'
Mono config path = 'C:/Program Files/Unity/Hub/Editor/2021.3.11f1/Editor/Data/MonoBleedingEdge/etc'
Using monoOptions --debugger-agent=transport=dt_socket,embedding=1,server=y,suspend=n,address=127.0.0.1:56428
Begin MonoManager ReloadAssembly
Registering precompiled unity dll's ...
Register platform support module: C:/Program Files/Unity/Hub/Editor/2021.3.11f1/Editor/Data/PlaybackEngines/WebGLSupport/UnityEditor.WebGL.Extensions.dll
Register platform support module: C:/Program Files/Unity/Hub/Editor/2021.3.11f1/Editor/Data/PlaybackEngines/WindowsStandaloneSupport/UnityEditor.WindowsStandalone.Extensions.dll
Registered in 0.038906 seconds.
Native extension for WindowsStandalone target not found
Native extension for WebGL target not found
Refreshing native plugins compatible for Editor in 154.31 ms, found 3 plugins.
Preloading 0 native plugins for Editor in 0.00 ms.
Mono: successfully reloaded assembly
- Completed reload, in  1.533 seconds
Domain Reload Profiling:
	ReloadAssembly (1534ms)
		BeginReloadAssembly (105ms)
			ExecutionOrderSort (0ms)
			DisableScriptedObjects (0ms)
			BackupInstance (0ms)
			ReleaseScriptingObjects (0ms)
			CreateAndSetChildDomain (1ms)
		EndReloadAssembly (959ms)
			LoadAssemblies (101ms)
			RebuildTransferFunctionScriptingTraits (0ms)
			SetupTypeCache (184ms)
			ReleaseScriptCaches (0ms)
			RebuildScriptCaches (84ms)
			SetupLoadedEditorAssemblies (607ms)
				LogAssemblyErrors (0ms)
				InitializePlatformSupportModulesInManaged (17ms)
				SetLoadedEditorAssemblies (0ms)
				RefreshPlugins (154ms)
				BeforeProcessingInitializeOnLoad (2ms)
				ProcessInitializeOnLoadAttributes (297ms)
				ProcessInitializeOnLoadMethodAttributes (135ms)
				AfterProcessingInitializeOnLoad (0ms)
				EditorAssembliesLoaded (0ms)
			ExecutionOrderSort2 (0ms)
			AwakeInstancesAfterBackupRestoration (0ms)
Platform modules already initialized, skipping
Registering precompiled user dll's ...
Registered in 0.017036 seconds.
Begin MonoManager ReloadAssembly
Symbol file LoadedFromMemory doesn't match image C:\Users\cieck\OneDrive\Documents\GitHub\TSAEscapeRoom\Escape Room\Library\PackageCache\com.unity.visualscripting@1.7.8\Editor\VisualScripting.Core\Dependencies\YamlDotNet\Unity.VisualScripting.YamlDotNet.dll
Symbol file LoadedFromMemory doesn't match image C:\Users\cieck\OneDrive\Documents\GitHub\TSAEscapeRoom\Escape Room\Library\PackageCache\com.unity.visualscripting@1.7.8\Editor\VisualScripting.Core\Dependencies\DotNetZip\Unity.VisualScripting.IonicZip.dll
Native extension for WindowsStandalone target not found
Native extension for WebGL target not found
Refreshing native plugins compatible for Editor in 0.90 ms, found 3 plugins.
Preloading 0 native plugins for Editor in 0.00 ms.
Mono: successfully reloaded assembly
- Completed reload, in  6.125 seconds
Domain Reload Profiling:
	ReloadAssembly (6127ms)
		BeginReloadAssembly (995ms)
			ExecutionOrderSort (0ms)
			DisableScriptedObjects (7ms)
			BackupInstance (0ms)
			ReleaseScriptingObjects (0ms)
			CreateAndSetChildDomain (114ms)
		EndReloadAssembly (4540ms)
			LoadAssemblies (724ms)
			RebuildTransferFunctionScriptingTraits (0ms)
			SetupTypeCache (1198ms)
			ReleaseScriptCaches (3ms)
			RebuildScriptCaches (96ms)
			SetupLoadedEditorAssemblies (2832ms)
				LogAssemblyErrors (0ms)
				InitializePlatformSupportModulesInManaged (13ms)
				SetLoadedEditorAssemblies (1ms)
				RefreshPlugins (1ms)
				BeforeProcessingInitializeOnLoad (180ms)
				ProcessInitializeOnLoadAttributes (2465ms)
				ProcessInitializeOnLoadMethodAttributes (135ms)
				AfterProcessingInitializeOnLoad (37ms)
				EditorAssembliesLoaded (1ms)
			ExecutionOrderSort2 (0ms)
			AwakeInstancesAfterBackupRestoration (15ms)
Platform modules already initialized, skipping
========================================================================
Worker process is ready to serve import requests
Launched and connected shader compiler UnityShaderCompiler.exe after 0.11 seconds
Refreshing native plugins compatible for Editor in 1.75 ms, found 3 plugins.
Preloading 0 native plugins for Editor in 0.00 ms.
Unloading 3893 Unused Serialized files (Serialized files now loaded: 0)
Unloading 45 unused Assets / (2.7 MB). Loaded Objects now: 4353.
Memory consumption went from 164.2 MB to 161.6 MB.
Total: 8.373400 ms (FindLiveObjects: 0.501600 ms CreateObjectMapping: 0.302400 ms MarkObjects: 6.251900 ms  DeleteObjects: 1.315500 ms)

AssetImportParameters requested are different than current active one (requested -> active):
  custom:video-decoder-ogg-theora: a1e56fd34408186e4bbccfd4996cb3dc -> 
  custom:container-muxer-webm: aa71ff27fc2769a1b78a27578f13a17b -> 
  custom:container-demuxer-webm: 4f35f7cbe854078d1ac9338744f61a02 -> 
  custom:video-encoder-webm-vp8: eb34c28f22e8b96e1ab97ce403110664 -> 
  custom:video-codec-MediaFoundation-h265: 746d11721c4dcdbdad8f713fa42b33f4 -> 
  custom:audio-encoder-webm-vorbis: bf7c407c2cedff20999df2af8eb42d56 -> 
  custom:framework-win-MediaFoundation: 216162199b28c13a410421893ffa2e32 -> 
  custom:container-demuxer-ogg: 62fdf1f143b41e24485cea50d1cbac27 -> 
  custom:video-decoder-webm-vp8: 9c59270c3fd7afecdb556c50c9e8de78 -> 
  custom:audio-decoder-ogg-vorbis: bf7c407c2cedff20999df2af8eb42d56 -> 
========================================================================
Received Import Request.
  Time since last request: 617770.844883 seconds.
  path: Assets/New Scene 1.unity
  artifactKey: Guid(f834337c7588d1749b1315d581960b12) Importer(815301076,1909f56bfc062723c751e8b465ee728b)
Start importing Assets/New Scene 1.unity using Guid(f834337c7588d1749b1315d581960b12) Importer(815301076,1909f56bfc062723c751e8b465ee728b)  -> (artifact id: 'e6df122aaaee3334b6c37bd8b97ec3ec') in 0.031836 seconds 
========================================================================
Received Import Request.
  Time since last request: 48.296430 seconds.
  path: Assets/player scence.unity
  artifactKey: Guid(8f37a53a30884a34cbcc3c0ed2fa8a4b) Importer(815301076,1909f56bfc062723c751e8b465ee728b)
Start importing Assets/player scence.unity using Guid(8f37a53a30884a34cbcc3c0ed2fa8a4b) Importer(815301076,1909f56bfc062723c751e8b465ee728b)  -> (artifact id: '558a15f3ee3a8027584d3b3acc67de9e') in 0.036422 seconds 
========================================================================
Received Import Request.
  Time since last request: 141.513944 seconds.
  path: Assets/escaperoom.unity
  artifactKey: Guid(8fd525ed8334b4141adb7f754066390e) Importer(815301076,1909f56bfc062723c751e8b465ee728b)
Start importing Assets/escaperoom.unity using Guid(8fd525ed8334b4141adb7f754066390e) Importer(815301076,1909f56bfc062723c751e8b465ee728b)  -> (artifact id: 'b2b7dba4f85d926665f84e560c39b406') in 0.038280 seconds 
========================================================================
Received Import Request.
  Time since last request: 1.216873 seconds.
  path: Assets/MENU SCENE.unity
  artifactKey: Guid(47b376f2b248b844ca834940c9e7f316) Importer(815301076,1909f56bfc062723c751e8b465ee728b)
Start importing Assets/MENU SCENE.unity using Guid(47b376f2b248b844ca834940c9e7f316) Importer(815301076,1909f56bfc062723c751e8b465ee728b)  -> (artifact id: '7636dd56181cac75133a851efba3111b') in 0.050410 seconds 
========================================================================
Received Import Request.
  Time since last request: 17.577040 seconds.
  path: Assets/WorldMaterialsFree/Resource Files/AgedDarkWood/AgedDarkWood_Roughness.png
  artifactKey: Guid(01a1e8e5d16b868458825f89a4ab2112) Importer(815301076,1909f56bfc062723c751e8b465ee728b)
Start importing Assets/WorldMaterialsFree/Resource Files/AgedDarkWood/AgedDarkWood_Roughness.png using Guid(01a1e8e5d16b868458825f89a4ab2112) Importer(815301076,1909f56bfc062723c751e8b465ee728b)  -> (artifact id: 'a0512df4f01dd808e3bc3695cfebe4af') in 0.445926 seconds 
========================================================================
Received Import Request.
  Time since last request: 0.000062 seconds.
  path: Assets/com.teamon.buildmanager/Editor/BuildManager/DefaultBuildSequences.asset
  artifactKey: Guid(bb50a83f6a8fb0b4abc31ab1ddbae5ee) Importer(815301076,1909f56bfc062723c751e8b465ee728b)
Start importing Assets/com.teamon.buildmanager/Editor/BuildManager/DefaultBuildSequences.asset using Guid(bb50a83f6a8fb0b4abc31ab1ddbae5ee) Importer(815301076,1909f56bfc062723c751e8b465ee728b)  -> (artifact id: '2a8cfe9742915d56f6bbc006c34702d6') in 0.144819 seconds 
========================================================================
Received Import Request.
  Time since last request: 0.031216 seconds.
  path: Assets/WorldMaterialsFree/Resource Files/DesertCliffRock/DesertCliffRock_Albedo.png
  artifactKey: Guid(0ff3d736d50e41a4c9f26cfbfd0672e6) Importer(815301076,1909f56bfc062723c751e8b465ee728b)
Start importing Assets/WorldMaterialsFree/Resource Files/DesertCliffRock/DesertCliffRock_Albedo.png using Guid(0ff3d736d50e41a4c9f26cfbfd0672e6) Importer(815301076,1909f56bfc062723c751e8b465ee728b)  -> (artifact id: 'afa0c7fa06e4522efa367dd6f334993b') in 0.288603 seconds 
========================================================================
Received Import Request.
  Time since last request: 0.000049 seconds.
  path: Assets/WorldMaterialsFree/Resource Files/DesertCliffRock/DesertCliffRock_roughness.png
  artifactKey: Guid(8a43d49b2d423ca43b66c224d8f108d1) Importer(815301076,1909f56bfc062723c751e8b465ee728b)
Start importing Assets/WorldMaterialsFree/Resource Files/DesertCliffRock/DesertCliffRock_roughness.png using Guid(8a43d49b2d423ca43b66c224d8f108d1) Importer(815301076,1909f56bfc062723c751e8b465ee728b)  -> (artifact id: 'b88d3b44f1616c31433edee72690ef56') in 0.214254 seconds 
========================================================================
Received Import Request.
  Time since last request: 0.040127 seconds.
  path: Assets/WorldMaterialsFree/Resource Files/ClumpMud/ClumpMud_Roughness.png
  artifactKey: Guid(f7bacf6227a370f4bb68a162cd7a690c) Importer(815301076,1909f56bfc062723c751e8b465ee728b)
Start importing Assets/WorldMaterialsFree/Resource Files/ClumpMud/ClumpMud_Roughness.png using Guid(f7bacf6227a370f4bb68a162cd7a690c) Importer(815301076,1909f56bfc062723c751e8b465ee728b)  -> (artifact id: 'b784f26e1ea318f332c03bc75b9a4093') in 0.120962 seconds 
========================================================================
Received Import Request.
  Time since last request: 0.000123 seconds.
  path: Assets/WorldMaterialsFree/Resource Files/BasketWeaveBricks/BasketWeaveBricks_Smoothness.png
  artifactKey: Guid(b05bb9ac27530194f9ce4086ccac645c) Importer(815301076,1909f56bfc062723c751e8b465ee728b)
Start importing Assets/WorldMaterialsFree/Resource Files/BasketWeaveBricks/BasketWeaveBricks_Smoothness.png using Guid(b05bb9ac27530194f9ce4086ccac645c) Importer(815301076,1909f56bfc062723c751e8b465ee728b)  -> (artifact id: 'c3c5ca61a3dbb3bdbcf92166e10e8661') in 0.305212 seconds 
========================================================================
Received Import Request.
  Time since last request: 0.000698 seconds.
  path: Assets/WorldMaterialsFree/Resource Files/DesertCliffRock/DesertCliffRock_normal.png
  artifactKey: Guid(849cfd9762b661d43bde99a183d4ada7) Importer(815301076,1909f56bfc062723c751e8b465ee728b)
Start importing Assets/WorldMaterialsFree/Resource Files/DesertCliffRock/DesertCliffRock_normal.png using Guid(849cfd9762b661d43bde99a183d4ada7) Importer(815301076,1909f56bfc062723c751e8b465ee728b)  -> (artifact id: '4b860e24eef17c1fb46fda519b611cc4') in 0.469723 seconds 
========================================================================
Received Import Request.
  Time since last request: 0.003138 seconds.
  path: Assets/WorldMaterialsFree/Resource Files/CoarseConcrete/CoarseConcrete_roughness.png
  artifactKey: Guid(6ab6ea3e34b782d42be5cd1886524ee9) Importer(815301076,1909f56bfc062723c751e8b465ee728b)
Start importing Assets/WorldMaterialsFree/Resource Files/CoarseConcrete/CoarseConcrete_roughness.png using Guid(6ab6ea3e34b782d42be5cd1886524ee9) Importer(815301076,1909f56bfc062723c751e8b465ee728b)  -> (artifact id: 'f93c26f2ebb665d61a0e318359cd9099') in 0.140803 seconds 
========================================================================
Received Import Request.
  Time since last request: 0.093259 seconds.
  path: Assets/WorldMaterialsFree/Resource Files/BrushedIron/BrushedIron_Roughness.png
  artifactKey: Guid(1a7d9a6002608b342bde613de3f92a61) Importer(815301076,1909f56bfc062723c751e8b465ee728b)
Start importing Assets/WorldMaterialsFree/Resource Files/BrushedIron/BrushedIron_Roughness.png using Guid(1a7d9a6002608b342bde613de3f92a61) Importer(815301076,1909f56bfc062723c751e8b465ee728b)  -> (artifact id: '399fa8d20210fb09f92d6a59ff93c2d6') in 0.118091 seconds 
========================================================================
Received Import Request.
  Time since last request: 0.000105 seconds.
  path: Assets/WorldMaterialsFree/Resource Files/BathroomTiles/BathroomTiles_ao.png
  artifactKey: Guid(860be524c0b9c6143b310603dc363a8e) Importer(815301076,1909f56bfc062723c751e8b465ee728b)
Start importing Assets/WorldMaterialsFree/Resource Files/BathroomTiles/BathroomTiles_ao.png using Guid(860be524c0b9c6143b310603dc363a8e) Importer(815301076,1909f56bfc062723c751e8b465ee728b)  -> (artifact id: 'e165c03352c756512c52b4f433c100b7') in 0.169988 seconds 
========================================================================
Received Import Request.
  Time since last request: 0.000048 seconds.
  path: Assets/WorldMaterialsFree/Resource Files/ClumpMud/ClumpMud_smoothness.png
  artifactKey: Guid(813750b3d9b9c744097ac861de79f2dc) Importer(815301076,1909f56bfc062723c751e8b465ee728b)
Start importing Assets/WorldMaterialsFree/Resource Files/ClumpMud/ClumpMud_smoothness.png using Guid(813750b3d9b9c744097ac861de79f2dc) Importer(815301076,1909f56bfc062723c751e8b465ee728b)  -> (artifact id: 'a0ce3b9c80b9b9071eec8b7311453b20') in 0.191493 seconds 
========================================================================
Received Import Request.
  Time since last request: 0.000045 seconds.
  path: Assets/WorldMaterialsFree/Resource Files/BathroomTiles/BathroomTiles_normal.png
  artifactKey: Guid(f6d214f7dc5472042aa57d89d7069aa3) Importer(815301076,1909f56bfc062723c751e8b465ee728b)
Start importing Assets/WorldMaterialsFree/Resource Files/BathroomTiles/BathroomTiles_normal.png using Guid(f6d214f7dc5472042aa57d89d7069aa3) Importer(815301076,1909f56bfc062723c751e8b465ee728b)  -> (artifact id: 'c8712af2169eeeec08b465309be93c4c') in 0.127699 seconds 
