Using pre-set license
Built from '2021.3/staging' branch; Version is '2021.3.11f1 (0a5ca18544bf) revision 679073'; Using compiler version '192829333'; Build Type 'Release'
OS: 'Windows 11  (10.0.22621) 64bit Core' Language: 'en' Physical Memory: 12012 MB
BatchMode: 1, IsHumanControllingUs: 0, StartBugReporterOnCrash: 0, Is64bit: 1, IsPro: 1

COMMAND LINE ARGUMENTS:
C:\Program Files\Unity\Hub\Editor\2021.3.11f1\Editor\Unity.exe
-adb2
-batchMode
-noUpm
-name
AssetImportWorker1
-projectPath
C:/Users/shank/OneDrive/Documents/GitHub/TSAEscapeRoom/Escape Room
-logFile
Logs/AssetImportWorker1.log
-srvPort
59206
Successfully changed project path to: C:/Users/shank/OneDrive/Documents/GitHub/TSAEscapeRoom/Escape Room
C:/Users/shank/OneDrive/Documents/GitHub/TSAEscapeRoom/Escape Room
[UnityMemory] Configuration Parameters - Can be set up in boot.config
    "memorysetup-bucket-allocator-granularity=16"
    "memorysetup-bucket-allocator-bucket-count=8"
    "memorysetup-bucket-allocator-block-size=33554432"
    "memorysetup-bucket-allocator-block-count=8"
    "memorysetup-main-allocator-block-size=16777216"
    "memorysetup-thread-allocator-block-size=16777216"
    "memorysetup-gfx-main-allocator-block-size=16777216"
    "memorysetup-gfx-thread-allocator-block-size=16777216"
    "memorysetup-cache-allocator-block-size=4194304"
    "memorysetup-typetree-allocator-block-size=2097152"
    "memorysetup-profiler-bucket-allocator-granularity=16"
    "memorysetup-profiler-bucket-allocator-bucket-count=8"
    "memorysetup-profiler-bucket-allocator-block-size=33554432"
    "memorysetup-profiler-bucket-allocator-block-count=8"
    "memorysetup-profiler-allocator-block-size=16777216"
    "memorysetup-profiler-editor-allocator-block-size=1048576"
    "memorysetup-temp-allocator-size-main=16777216"
    "memorysetup-job-temp-allocator-block-size=2097152"
    "memorysetup-job-temp-allocator-block-size-background=1048576"
    "memorysetup-job-temp-allocator-reduction-small-platforms=262144"
    "memorysetup-temp-allocator-size-background-worker=32768"
    "memorysetup-temp-allocator-size-job-worker=262144"
    "memorysetup-temp-allocator-size-preload-manager=33554432"
    "memorysetup-temp-allocator-size-nav-mesh-worker=65536"
    "memorysetup-temp-allocator-size-audio-worker=65536"
    "memorysetup-temp-allocator-size-cloud-worker=32768"
    "memorysetup-temp-allocator-size-gi-baking-worker=262144"
    "memorysetup-temp-allocator-size-gfx=262144"
Refreshing native plugins compatible for Editor in 146.10 ms, found 3 plugins.
Preloading 0 native plugins for Editor in 0.00 ms.
Initialize engine version: 2021.3.11f1 (0a5ca18544bf)
[Subsystems] Discovering subsystems at path C:/Program Files/Unity/Hub/Editor/2021.3.11f1/Editor/Data/Resources/UnitySubsystems
[Subsystems] Discovering subsystems at path C:/Users/shank/OneDrive/Documents/GitHub/TSAEscapeRoom/Escape Room/Assets
GfxDevice: creating device client; threaded=0; jobified=0
Direct3D:
    Version:  Direct3D 11.0 [level 11.1]
    Renderer: Intel(R) Iris(R) Xe Graphics (ID=0x46a8)
    Vendor:   Intel
    VRAM:     6006 MB
    Driver:   31.0.101.3358
Initialize mono
Mono path[0] = 'C:/Program Files/Unity/Hub/Editor/2021.3.11f1/Editor/Data/Managed'
Mono path[1] = 'C:/Program Files/Unity/Hub/Editor/2021.3.11f1/Editor/Data/MonoBleedingEdge/lib/mono/unityjit-win32'
Mono config path = 'C:/Program Files/Unity/Hub/Editor/2021.3.11f1/Editor/Data/MonoBleedingEdge/etc'
Using monoOptions --debugger-agent=transport=dt_socket,embedding=1,server=y,suspend=n,address=127.0.0.1:56764
Begin MonoManager ReloadAssembly
Registering precompiled unity dll's ...
Register platform support module: C:/Program Files/Unity/Hub/Editor/2021.3.11f1/Editor/Data/PlaybackEngines/WebGLSupport/UnityEditor.WebGL.Extensions.dll
Register platform support module: C:/Program Files/Unity/Hub/Editor/2021.3.11f1/Editor/Data/PlaybackEngines/WindowsStandaloneSupport/UnityEditor.WindowsStandalone.Extensions.dll
Registered in 0.007889 seconds.
Native extension for WindowsStandalone target not found
Native extension for WebGL target not found
Refreshing native plugins compatible for Editor in 139.71 ms, found 3 plugins.
Preloading 0 native plugins for Editor in 0.00 ms.
Mono: successfully reloaded assembly
- Completed reload, in  0.936 seconds
Domain Reload Profiling:
	ReloadAssembly (937ms)
		BeginReloadAssembly (108ms)
			ExecutionOrderSort (0ms)
			DisableScriptedObjects (0ms)
			BackupInstance (0ms)
			ReleaseScriptingObjects (0ms)
			CreateAndSetChildDomain (1ms)
		EndReloadAssembly (654ms)
			LoadAssemblies (103ms)
			RebuildTransferFunctionScriptingTraits (0ms)
			SetupTypeCache (141ms)
			ReleaseScriptCaches (0ms)
			RebuildScriptCaches (41ms)
			SetupLoadedEditorAssemblies (391ms)
				LogAssemblyErrors (0ms)
				InitializePlatformSupportModulesInManaged (12ms)
				SetLoadedEditorAssemblies (0ms)
				RefreshPlugins (140ms)
				BeforeProcessingInitializeOnLoad (2ms)
				ProcessInitializeOnLoadAttributes (186ms)
				ProcessInitializeOnLoadMethodAttributes (50ms)
				AfterProcessingInitializeOnLoad (0ms)
				EditorAssembliesLoaded (0ms)
			ExecutionOrderSort2 (0ms)
			AwakeInstancesAfterBackupRestoration (0ms)
Platform modules already initialized, skipping
Registering precompiled user dll's ...
Registered in 0.027634 seconds.
Begin MonoManager ReloadAssembly
Symbol file LoadedFromMemory doesn't match image C:\Users\shank\OneDrive\Documents\GitHub\TSAEscapeRoom\Escape Room\Library\PackageCache\com.unity.visualscripting@1.7.8\Editor\VisualScripting.Core\Dependencies\YamlDotNet\Unity.VisualScripting.YamlDotNet.dll
Symbol file LoadedFromMemory doesn't match image C:\Users\shank\OneDrive\Documents\GitHub\TSAEscapeRoom\Escape Room\Library\PackageCache\com.unity.visualscripting@1.7.8\Editor\VisualScripting.Core\Dependencies\DotNetZip\Unity.VisualScripting.IonicZip.dll
Native extension for WindowsStandalone target not found
Native extension for WebGL target not found
Refreshing native plugins compatible for Editor in 159.09 ms, found 3 plugins.
Preloading 0 native plugins for Editor in 0.00 ms.
Mono: successfully reloaded assembly
- Completed reload, in  3.000 seconds
Domain Reload Profiling:
	ReloadAssembly (3002ms)
		BeginReloadAssembly (170ms)
			ExecutionOrderSort (0ms)
			DisableScriptedObjects (11ms)
			BackupInstance (0ms)
			ReleaseScriptingObjects (0ms)
			CreateAndSetChildDomain (24ms)
		EndReloadAssembly (2647ms)
			LoadAssemblies (250ms)
			RebuildTransferFunctionScriptingTraits (0ms)
			SetupTypeCache (660ms)
			ReleaseScriptCaches (1ms)
			RebuildScriptCaches (212ms)
			SetupLoadedEditorAssemblies (1164ms)
				LogAssemblyErrors (0ms)
				InitializePlatformSupportModulesInManaged (7ms)
				SetLoadedEditorAssemblies (0ms)
				RefreshPlugins (159ms)
				BeforeProcessingInitializeOnLoad (190ms)
				ProcessInitializeOnLoadAttributes (654ms)
				ProcessInitializeOnLoadMethodAttributes (134ms)
				AfterProcessingInitializeOnLoad (19ms)
				EditorAssembliesLoaded (0ms)
			ExecutionOrderSort2 (0ms)
			AwakeInstancesAfterBackupRestoration (13ms)
Platform modules already initialized, skipping
========================================================================
Worker process is ready to serve import requests
Launched and connected shader compiler UnityShaderCompiler.exe after 0.06 seconds
Refreshing native plugins compatible for Editor in 1.08 ms, found 3 plugins.
Preloading 0 native plugins for Editor in 0.00 ms.
Unloading 4086 Unused Serialized files (Serialized files now loaded: 0)
Unloading 62 unused Assets / (4.6 MB). Loaded Objects now: 4564.
Memory consumption went from 200.6 MB to 196.1 MB.
Total: 5.204100 ms (FindLiveObjects: 0.336100 ms CreateObjectMapping: 0.130800 ms MarkObjects: 3.258700 ms  DeleteObjects: 1.476900 ms)

AssetImportParameters requested are different than current active one (requested -> active):
  custom:video-decoder-ogg-theora: a1e56fd34408186e4bbccfd4996cb3dc -> 
  custom:container-muxer-webm: aa71ff27fc2769a1b78a27578f13a17b -> 
  custom:container-demuxer-webm: 4f35f7cbe854078d1ac9338744f61a02 -> 
  custom:video-encoder-webm-vp8: eb34c28f22e8b96e1ab97ce403110664 -> 
  custom:video-codec-MediaFoundation-h265: 746d11721c4dcdbdad8f713fa42b33f4 -> 
  custom:audio-encoder-webm-vorbis: bf7c407c2cedff20999df2af8eb42d56 -> 
  custom:framework-win-MediaFoundation: 216162199b28c13a410421893ffa2e32 -> 
  custom:container-demuxer-ogg: 62fdf1f143b41e24485cea50d1cbac27 -> 
  custom:video-decoder-webm-vp8: 9c59270c3fd7afecdb556c50c9e8de78 -> 
  custom:audio-decoder-ogg-vorbis: bf7c407c2cedff20999df2af8eb42d56 -> 
========================================================================
Received Import Request.
  Time since last request: 575045.740107 seconds.
  path: Assets/Apartment_Door/Materials
  artifactKey: Guid(cbb616fe55568b749b9a9599b27cd9f6) Importer(815301076,1909f56bfc062723c751e8b465ee728b)
Start importing Assets/Apartment_Door/Materials using Guid(cbb616fe55568b749b9a9599b27cd9f6) Importer(815301076,1909f56bfc062723c751e8b465ee728b)  -> (artifact id: '859d7523707ea20882489e0bb2036590') in 0.013701 seconds 
========================================================================
Received Import Request.
  Time since last request: 0.000039 seconds.
  path: Assets/Apartment_Door/Materials/Floor_Mat.mat
  artifactKey: Guid(d0fd02a84fe1d5d49b7137d2d61a5c8d) Importer(815301076,1909f56bfc062723c751e8b465ee728b)
Start importing Assets/Apartment_Door/Materials/Floor_Mat.mat using Guid(d0fd02a84fe1d5d49b7137d2d61a5c8d) Importer(815301076,1909f56bfc062723c751e8b465ee728b)  -> (artifact id: 'ff97238d11b4ff5fe359acf6c26615f3') in 0.245493 seconds 
========================================================================
Received Import Request.
  Time since last request: 844.030716 seconds.
  path: Assets/Toon Furniture/Materials/Chair_1.mat
  artifactKey: Guid(d45f3a5ed658dd94c84d67c87ca91578) Importer(815301076,1909f56bfc062723c751e8b465ee728b)
Start importing Assets/Toon Furniture/Materials/Chair_1.mat using Guid(d45f3a5ed658dd94c84d67c87ca91578) Importer(815301076,1909f56bfc062723c751e8b465ee728b)  -> (artifact id: 'fda455de78d1994350efccf7d2516ded') in 0.157086 seconds 
========================================================================
Received Import Request.
  Time since last request: 0.000034 seconds.
  path: Assets/Toon Furniture/Materials/Chair_6.mat
  artifactKey: Guid(b0cb6d5647672b541a5f641672a0cc18) Importer(815301076,1909f56bfc062723c751e8b465ee728b)
Start importing Assets/Toon Furniture/Materials/Chair_6.mat using Guid(b0cb6d5647672b541a5f641672a0cc18) Importer(815301076,1909f56bfc062723c751e8b465ee728b)  -> (artifact id: '1fb5304c88f60fe9e9cdf12eb1b9178a') in 0.037950 seconds 
========================================================================
Received Import Request.
  Time since last request: 0.000033 seconds.
  path: Assets/WoodenChair/Materials/WoodenChair-chair.mat
  artifactKey: Guid(1752f7c53addac249a923249f3d6802a) Importer(815301076,1909f56bfc062723c751e8b465ee728b)
Start importing Assets/WoodenChair/Materials/WoodenChair-chair.mat using Guid(1752f7c53addac249a923249f3d6802a) Importer(815301076,1909f56bfc062723c751e8b465ee728b)  -> (artifact id: 'b18ea4efbe263ce1a111b1050d78a1c5') in 0.261402 seconds 
========================================================================
Received Import Request.
  Time since last request: 0.000039 seconds.
  path: Assets/Toon Furniture/Textures/Chair_8_Normal.png
  artifactKey: Guid(03dea9d8582d9b746986e76be4161669) Importer(815301076,1909f56bfc062723c751e8b465ee728b)
Start importing Assets/Toon Furniture/Textures/Chair_8_Normal.png using Guid(03dea9d8582d9b746986e76be4161669) Importer(815301076,1909f56bfc062723c751e8b465ee728b)  -> (artifact id: '68a1584244ea86310fd1d4b0b9b93841') in 0.100095 seconds 
========================================================================
Received Import Request.
  Time since last request: 0.000065 seconds.
  path: Assets/Toon Furniture/Textures/Chair_5_Normal.png
  artifactKey: Guid(04c4fd763eb4f73449b0d12bfbc347dd) Importer(815301076,1909f56bfc062723c751e8b465ee728b)
Start importing Assets/Toon Furniture/Textures/Chair_5_Normal.png using Guid(04c4fd763eb4f73449b0d12bfbc347dd) Importer(815301076,1909f56bfc062723c751e8b465ee728b)  -> (artifact id: '55f502d04ac0fed44cb253ec7755df8d') in 0.023316 seconds 
========================================================================
Received Import Request.
  Time since last request: 0.000081 seconds.
  path: Assets/Toon Furniture/Textures/Chair_4_2.png
  artifactKey: Guid(5946c4f2287173c42844d800f2243055) Importer(815301076,1909f56bfc062723c751e8b465ee728b)
Start importing Assets/Toon Furniture/Textures/Chair_4_2.png using Guid(5946c4f2287173c42844d800f2243055) Importer(815301076,1909f56bfc062723c751e8b465ee728b)  -> (artifact id: '0b9818c39e19947612ab91365645d1ca') in 0.054238 seconds 
========================================================================
Received Import Request.
  Time since last request: 0.000036 seconds.
  path: Assets/Toon Furniture/Models/Chair_6.fbx
  artifactKey: Guid(b2f590637bb1b5044877c0b3e9db9094) Importer(815301076,1909f56bfc062723c751e8b465ee728b)
Start importing Assets/Toon Furniture/Models/Chair_6.fbx using Guid(b2f590637bb1b5044877c0b3e9db9094) Importer(815301076,1909f56bfc062723c751e8b465ee728b)  -> (artifact id: 'e99a204379eee3ba5de7b842bb6b94cd') in 0.168502 seconds 
========================================================================
Received Import Request.
  Time since last request: 0.000045 seconds.
  path: Assets/Toon Furniture/Textures/Chair_2_1.png
  artifactKey: Guid(ccfa27d98e3cc0f4b84a3b6f716f5650) Importer(815301076,1909f56bfc062723c751e8b465ee728b)
Start importing Assets/Toon Furniture/Textures/Chair_2_1.png using Guid(ccfa27d98e3cc0f4b84a3b6f716f5650) Importer(815301076,1909f56bfc062723c751e8b465ee728b)  -> (artifact id: '1553c7da505c69813857031f591d47c9') in 0.074522 seconds 
========================================================================
Received Import Request.
  Time since last request: 0.000030 seconds.
  path: Assets/WoodenChair/WoodenChair_D.tga
  artifactKey: Guid(89dcfacb8a7310449afefb4bce010172) Importer(815301076,1909f56bfc062723c751e8b465ee728b)
Start importing Assets/WoodenChair/WoodenChair_D.tga using Guid(89dcfacb8a7310449afefb4bce010172) Importer(815301076,1909f56bfc062723c751e8b465ee728b)  -> (artifact id: '874dd6615fb753dc42da48040f5d36ef') in 0.073349 seconds 
========================================================================
Received Import Request.
  Time since last request: 0.000031 seconds.
  path: Assets/Toon Furniture/Models/Chair_8.fbx
  artifactKey: Guid(b2d48f69e426f3c41b473408129c689b) Importer(815301076,1909f56bfc062723c751e8b465ee728b)
Start importing Assets/Toon Furniture/Models/Chair_8.fbx using Guid(b2d48f69e426f3c41b473408129c689b) Importer(815301076,1909f56bfc062723c751e8b465ee728b)  -> (artifact id: 'cec8b687ecea2eedaa75186951f618a9') in 0.120890 seconds 
========================================================================
Received Import Request.
  Time since last request: 0.000134 seconds.
  path: Assets/Toon Furniture/Materials/Chair_4.mat
  artifactKey: Guid(a39c14be04b8abd45823d8b5b1b339b3) Importer(815301076,1909f56bfc062723c751e8b465ee728b)
Start importing Assets/Toon Furniture/Materials/Chair_4.mat using Guid(a39c14be04b8abd45823d8b5b1b339b3) Importer(815301076,1909f56bfc062723c751e8b465ee728b)  -> (artifact id: '759079ba5bd4d48a507b5d6c8bc6a893') in 0.034475 seconds 
========================================================================
Received Import Request.
  Time since last request: 0.000047 seconds.
  path: Assets/Toon Furniture/Textures/Chair_4_Normal.png
  artifactKey: Guid(3b5c3261acb8824448e6e04286ab9d6c) Importer(815301076,1909f56bfc062723c751e8b465ee728b)
Start importing Assets/Toon Furniture/Textures/Chair_4_Normal.png using Guid(3b5c3261acb8824448e6e04286ab9d6c) Importer(815301076,1909f56bfc062723c751e8b465ee728b)  -> (artifact id: 'e17dd480d460a96d691db810a03c22f7') in 0.060017 seconds 
========================================================================
Received Import Request.
  Time since last request: 0.000064 seconds.
  path: Assets/WoodenChair/WoodenChair.prefab
  artifactKey: Guid(152eb936135cca14ba08195f328984d5) Importer(815301076,1909f56bfc062723c751e8b465ee728b)
Start importing Assets/WoodenChair/WoodenChair.prefab using Guid(152eb936135cca14ba08195f328984d5) Importer(815301076,1909f56bfc062723c751e8b465ee728b)  -> (artifact id: '8e9cb2f286ce83d5a21d368c89ae7686') in 0.071184 seconds 
========================================================================
Received Import Request.
  Time since last request: 0.000059 seconds.
  path: Assets/Toon Furniture/Textures/Chair_8.png
  artifactKey: Guid(d98be25e0b770e8468bc72456b1d8ee9) Importer(815301076,1909f56bfc062723c751e8b465ee728b)
Start importing Assets/Toon Furniture/Textures/Chair_8.png using Guid(d98be25e0b770e8468bc72456b1d8ee9) Importer(815301076,1909f56bfc062723c751e8b465ee728b)  -> (artifact id: 'c41e3914b405efd8ed8e7d4cf5d9188e') in 0.071376 seconds 
========================================================================
Received Import Request.
  Time since last request: 0.000034 seconds.
  path: Assets/Toon Furniture/Prefabs/Chair_4.prefab
  artifactKey: Guid(f4361284dc70ab044b5b3d136b00d8d1) Importer(815301076,1909f56bfc062723c751e8b465ee728b)
Start importing Assets/Toon Furniture/Prefabs/Chair_4.prefab using Guid(f4361284dc70ab044b5b3d136b00d8d1) Importer(815301076,1909f56bfc062723c751e8b465ee728b)  -> (artifact id: '1a371b9861ab9013387fe10c31f9616a') in 0.073571 seconds 
========================================================================
Received Import Request.
  Time since last request: 0.000042 seconds.
  path: Assets/Toon Furniture/Textures/Chair_7_3.png
  artifactKey: Guid(d7fdab8b4c1cbe749afb0499a74c36a3) Importer(815301076,1909f56bfc062723c751e8b465ee728b)
Start importing Assets/Toon Furniture/Textures/Chair_7_3.png using Guid(d7fdab8b4c1cbe749afb0499a74c36a3) Importer(815301076,1909f56bfc062723c751e8b465ee728b)  -> (artifact id: '8b0bb6da931d1c8d88b4b45245cc5d64') in 0.021364 seconds 
========================================================================
Received Import Request.
  Time since last request: 0.000033 seconds.
  path: Assets/Toon Furniture/Materials/Chair_5.mat
  artifactKey: Guid(7c6c4fc66a1ed9a4eb7458f3563eda63) Importer(815301076,1909f56bfc062723c751e8b465ee728b)
Start importing Assets/Toon Furniture/Materials/Chair_5.mat using Guid(7c6c4fc66a1ed9a4eb7458f3563eda63) Importer(815301076,1909f56bfc062723c751e8b465ee728b)  -> (artifact id: '02ef1f275b735b7393fc9167bcd02186') in 0.019680 seconds 
========================================================================
Received Import Request.
  Time since last request: 0.000031 seconds.
  path: Assets/Toon Furniture/Prefabs/Chair_3.prefab
  artifactKey: Guid(2bed2b2c0943e36459952282ba5f7292) Importer(815301076,1909f56bfc062723c751e8b465ee728b)
Start importing Assets/Toon Furniture/Prefabs/Chair_3.prefab using Guid(2bed2b2c0943e36459952282ba5f7292) Importer(815301076,1909f56bfc062723c751e8b465ee728b)  -> (artifact id: '932f9c924ce912af9d43f95c31b32d63') in 0.024009 seconds 
========================================================================
Received Import Request.
  Time since last request: 0.000036 seconds.
  path: Assets/Toon Furniture/Models/Chair_1.fbx
  artifactKey: Guid(fafae49f08dbf0b4c82fbf9d5efda973) Importer(815301076,1909f56bfc062723c751e8b465ee728b)
Start importing Assets/Toon Furniture/Models/Chair_1.fbx using Guid(fafae49f08dbf0b4c82fbf9d5efda973) Importer(815301076,1909f56bfc062723c751e8b465ee728b)  -> (artifact id: '8d56d60d186b99312a76643c0a480392') in 0.143219 seconds 
========================================================================
Received Import Request.
  Time since last request: 0.000039 seconds.
  path: Assets/Toon Furniture/Textures/Chair_7_1.png
  artifactKey: Guid(4b9dc0ef87a11654c9e2daa1f6a5cdef) Importer(815301076,1909f56bfc062723c751e8b465ee728b)
Start importing Assets/Toon Furniture/Textures/Chair_7_1.png using Guid(4b9dc0ef87a11654c9e2daa1f6a5cdef) Importer(815301076,1909f56bfc062723c751e8b465ee728b)  -> (artifact id: '767c7a99e29cd1013a3c05d2aafde28b') in 0.074568 seconds 
========================================================================
Received Import Request.
  Time since last request: 0.000101 seconds.
  path: Assets/Toon Furniture/Textures/Chair_2_Normal.png
  artifactKey: Guid(bdab0ac3b01374f4886b80a806dfee50) Importer(815301076,1909f56bfc062723c751e8b465ee728b)
Start importing Assets/Toon Furniture/Textures/Chair_2_Normal.png using Guid(bdab0ac3b01374f4886b80a806dfee50) Importer(815301076,1909f56bfc062723c751e8b465ee728b)  -> (artifact id: 'd6c0305b9f59483f15cbfc072255d565') in 0.065396 seconds 
========================================================================
Received Import Request.
  Time since last request: 0.000122 seconds.
  path: Assets/Toon Furniture/Textures/Chair_1_Normal.png
  artifactKey: Guid(dfc0c91cc3525ba42bae3afea9be1a5b) Importer(815301076,1909f56bfc062723c751e8b465ee728b)
Start importing Assets/Toon Furniture/Textures/Chair_1_Normal.png using Guid(dfc0c91cc3525ba42bae3afea9be1a5b) Importer(815301076,1909f56bfc062723c751e8b465ee728b)  -> (artifact id: 'c004bf0a4532ae86280173516fdbb058') in 0.041683 seconds 
========================================================================
Received Import Request.
  Time since last request: 0.000129 seconds.
  path: Assets/Toon Furniture/Textures/Chair_9_Normal.png
  artifactKey: Guid(707a910d5a416f64db2e244105ec69e4) Importer(815301076,1909f56bfc062723c751e8b465ee728b)
Start importing Assets/Toon Furniture/Textures/Chair_9_Normal.png using Guid(707a910d5a416f64db2e244105ec69e4) Importer(815301076,1909f56bfc062723c751e8b465ee728b)  -> (artifact id: '519301175123a3ae9c4a2da4ea762967') in 0.030503 seconds 
========================================================================
Received Import Request.
  Time since last request: 0.000228 seconds.
  path: Assets/Toon Furniture/Textures/Chair_2_3.png
  artifactKey: Guid(67864c849e41c924189aa85e389870dc) Importer(815301076,1909f56bfc062723c751e8b465ee728b)
Start importing Assets/Toon Furniture/Textures/Chair_2_3.png using Guid(67864c849e41c924189aa85e389870dc) Importer(815301076,1909f56bfc062723c751e8b465ee728b)  -> (artifact id: 'ebb091d25f0ddcd18f032cc183df0a98') in 0.032242 seconds 
========================================================================
Received Import Request.
  Time since last request: 0.000125 seconds.
  path: Assets/Toon Furniture/Textures/Chair_6.png
  artifactKey: Guid(0f385af093b4e8e4ba7ccd2f8a95bb1b) Importer(815301076,1909f56bfc062723c751e8b465ee728b)
Start importing Assets/Toon Furniture/Textures/Chair_6.png using Guid(0f385af093b4e8e4ba7ccd2f8a95bb1b) Importer(815301076,1909f56bfc062723c751e8b465ee728b)  -> (artifact id: '5cb59efa3b69cdb0938e2b81d2d6af55') in 0.049461 seconds 
========================================================================
Received Import Request.
  Time since last request: 0.000038 seconds.
  path: Assets/Toon Furniture/Textures/Chair_4_1.png
  artifactKey: Guid(0c8ed3d496ae6ce4d81310fb3446eb02) Importer(815301076,1909f56bfc062723c751e8b465ee728b)
Start importing Assets/Toon Furniture/Textures/Chair_4_1.png using Guid(0c8ed3d496ae6ce4d81310fb3446eb02) Importer(815301076,1909f56bfc062723c751e8b465ee728b)  -> (artifact id: '6132fad533e8b6493fcdf80021a3d872') in 0.068805 seconds 
========================================================================
Received Import Request.
  Time since last request: 0.000131 seconds.
  path: Assets/Toon Furniture/Prefabs/Chair_6.prefab
  artifactKey: Guid(90421e262216bf6428b4337235113ed2) Importer(815301076,1909f56bfc062723c751e8b465ee728b)
Start importing Assets/Toon Furniture/Prefabs/Chair_6.prefab using Guid(90421e262216bf6428b4337235113ed2) Importer(815301076,1909f56bfc062723c751e8b465ee728b)  -> (artifact id: '12607d1d7dda6c873333ee1f1dc9138f') in 0.055940 seconds 
========================================================================
Received Import Request.
  Time since last request: 0.000069 seconds.
  path: Assets/Toon Furniture/Prefabs/Chair_7.prefab
  artifactKey: Guid(4ae30892f34ad334095085eacc4dcb7b) Importer(815301076,1909f56bfc062723c751e8b465ee728b)
Start importing Assets/Toon Furniture/Prefabs/Chair_7.prefab using Guid(4ae30892f34ad334095085eacc4dcb7b) Importer(815301076,1909f56bfc062723c751e8b465ee728b)  -> (artifact id: 'e901d4ce72fd3cf139183cdd799dfad0') in 0.047659 seconds 
========================================================================
Received Import Request.
  Time since last request: 0.000117 seconds.
  path: Assets/Toon Furniture/Models/Chair_5.fbx
  artifactKey: Guid(57715435b4fec704fa35cec6763c28c3) Importer(815301076,1909f56bfc062723c751e8b465ee728b)
Start importing Assets/Toon Furniture/Models/Chair_5.fbx using Guid(57715435b4fec704fa35cec6763c28c3) Importer(815301076,1909f56bfc062723c751e8b465ee728b)  -> (artifact id: 'c575037fc543f064ff8faaafbea66a8b') in 0.135509 seconds 
========================================================================
Received Import Request.
  Time since last request: 0.000030 seconds.
  path: Assets/Toon Furniture/Models/Chair_3.fbx
  artifactKey: Guid(56143fa81708d6647bc92eab52aa58e8) Importer(815301076,1909f56bfc062723c751e8b465ee728b)
Start importing Assets/Toon Furniture/Models/Chair_3.fbx using Guid(56143fa81708d6647bc92eab52aa58e8) Importer(815301076,1909f56bfc062723c751e8b465ee728b)  -> (artifact id: '2b745e256355bc1dac2a736ed727916b') in 0.093439 seconds 
========================================================================
Received Import Request.
  Time since last request: 47.084998 seconds.
  path: Assets/Toon Furniture/Materials/Bed_2.mat
  artifactKey: Guid(23661dce65b8f53478b9b15db1ae1d49) Importer(815301076,1909f56bfc062723c751e8b465ee728b)
Start importing Assets/Toon Furniture/Materials/Bed_2.mat using Guid(23661dce65b8f53478b9b15db1ae1d49) Importer(815301076,1909f56bfc062723c751e8b465ee728b)  -> (artifact id: '261f75918e3d608fec67c9fd948c5a77') in 0.103670 seconds 
========================================================================
Received Import Request.
  Time since last request: 0.000042 seconds.
  path: Assets/Visual Design Cafe/Nature Renderer Demo/Realistic/Art/Ground/Source Assets/Pebbles_B_Albedo.tif
  artifactKey: Guid(96a97b0ab56f58b458314ccf0f97c004) Importer(815301076,1909f56bfc062723c751e8b465ee728b)
Start importing Assets/Visual Design Cafe/Nature Renderer Demo/Realistic/Art/Ground/Source Assets/Pebbles_B_Albedo.tif using Guid(96a97b0ab56f58b458314ccf0f97c004) Importer(815301076,1909f56bfc062723c751e8b465ee728b)  -> (artifact id: '156923536741720ae6b3331ea361861b') in 0.048439 seconds 
========================================================================
Received Import Request.
  Time since last request: 0.000052 seconds.
  path: Assets/Toon Furniture/Models/Queen_Bed_2.fbx
  artifactKey: Guid(db90ebe75a417854aaaf8a09147e7676) Importer(815301076,1909f56bfc062723c751e8b465ee728b)
Start importing Assets/Toon Furniture/Models/Queen_Bed_2.fbx using Guid(db90ebe75a417854aaaf8a09147e7676) Importer(815301076,1909f56bfc062723c751e8b465ee728b)  -> (artifact id: 'ca1ed25c99f2c695f6438242f1bc7974') in 0.283370 seconds 
========================================================================
Received Import Request.
  Time since last request: 0.000116 seconds.
  path: Assets/WorldMaterialsFree/Resource Files/DesertSandBrick/DesertSandBricks_Albedo.png
  artifactKey: Guid(40d7fbe8ea051d34eba523ba288c3dee) Importer(815301076,1909f56bfc062723c751e8b465ee728b)
Start importing Assets/WorldMaterialsFree/Resource Files/DesertSandBrick/DesertSandBricks_Albedo.png using Guid(40d7fbe8ea051d34eba523ba288c3dee) Importer(815301076,1909f56bfc062723c751e8b465ee728b)  -> (artifact id: '5e53a014409454d5c370b29405348275') in 0.059727 seconds 
========================================================================
Received Import Request.
  Time since last request: 0.000082 seconds.
  path: Assets/Toon Furniture/Textures/Queen_Bed_2_Normal.png
  artifactKey: Guid(a2a94712b5581ae4aa8f330d12547043) Importer(815301076,1909f56bfc062723c751e8b465ee728b)
Start importing Assets/Toon Furniture/Textures/Queen_Bed_2_Normal.png using Guid(a2a94712b5581ae4aa8f330d12547043) Importer(815301076,1909f56bfc062723c751e8b465ee728b)  -> (artifact id: '12e0c7c70c056a25da2cbfce834971b7') in 0.087627 seconds 
========================================================================
Received Import Request.
  Time since last request: 0.000036 seconds.
  path: Assets/JailBreak/MyRealMaterialsFree/Textures/Ground/GroundWaterForestLeaves_Albedo.tga
  artifactKey: Guid(d7b446e6b1368fb498fd9390a4147b84) Importer(815301076,1909f56bfc062723c751e8b465ee728b)
Start importing Assets/JailBreak/MyRealMaterialsFree/Textures/Ground/GroundWaterForestLeaves_Albedo.tga using Guid(d7b446e6b1368fb498fd9390a4147b84) Importer(815301076,1909f56bfc062723c751e8b465ee728b)  -> (artifact id: '38e7dc994ece6895db2038725f568e17') in 0.090284 seconds 
========================================================================
Received Import Request.
  Time since last request: 0.000047 seconds.
  path: Assets/Toon Furniture/Models/Queen_Bed_1.fbx
  artifactKey: Guid(46ee326d6f660104da37854bc4722d97) Importer(815301076,1909f56bfc062723c751e8b465ee728b)
Start importing Assets/Toon Furniture/Models/Queen_Bed_1.fbx using Guid(46ee326d6f660104da37854bc4722d97) Importer(815301076,1909f56bfc062723c751e8b465ee728b)  -> (artifact id: '6d7fddd07cba1c2011ae61293f4502ba') in 0.269156 seconds 
========================================================================
Received Import Request.
  Time since last request: 975.099774 seconds.
  path: Assets/Toon Furniture/Textures/Door_1.png
  artifactKey: Guid(5da9784f75b607649b4f41ce7a6a0f62) Importer(815301076,1909f56bfc062723c751e8b465ee728b)
Start importing Assets/Toon Furniture/Textures/Door_1.png using Guid(5da9784f75b607649b4f41ce7a6a0f62) Importer(815301076,1909f56bfc062723c751e8b465ee728b)  -> (artifact id: 'd68520b1e340e7c7f1a45415dc24c175') in 0.059640 seconds 
========================================================================
Received Import Request.
  Time since last request: 0.000086 seconds.
  path: Assets/Urban_building/Materials/urban_building_doors_mat.mat
  artifactKey: Guid(f9eda4defea173c45acb7d975af479cd) Importer(815301076,1909f56bfc062723c751e8b465ee728b)
Start importing Assets/Urban_building/Materials/urban_building_doors_mat.mat using Guid(f9eda4defea173c45acb7d975af479cd) Importer(815301076,1909f56bfc062723c751e8b465ee728b)  -> (artifact id: '34633ae31b240169213175e69cbfc7b5') in 0.034194 seconds 
========================================================================
Received Import Request.
  Time since last request: 0.000056 seconds.
  path: Assets/Apartment_Door/Textures/SimpleDoor/Materials/Simple Door LOD0_LOD0_AlbedoTransparency.mat
  artifactKey: Guid(3050399cab5d6d04daea19fb54da741c) Importer(815301076,1909f56bfc062723c751e8b465ee728b)
Start importing Assets/Apartment_Door/Textures/SimpleDoor/Materials/Simple Door LOD0_LOD0_AlbedoTransparency.mat using Guid(3050399cab5d6d04daea19fb54da741c) Importer(815301076,1909f56bfc062723c751e8b465ee728b)  -> (artifact id: '674e382e50fd512a8f832ec60559646b') in 0.089755 seconds 
Editor requested this worker to shutdown with reason: Scaling down because of idle timeout
AssetImportWorker is now disconnected from the server
Process exiting
Exiting without the bug reporter. Application will terminate with return code 0